#
# There is insufficient memory for the Java Runtime Environment to continue.
# Native memory allocation (mmap) failed to map 27262976 bytes for Failed to commit area from 0x0000000089c00000 to 0x000000008b600000 of length 27262976.
# Possible reasons:
#   The system is out of physical RAM or swap space
#   The process is running with CompressedOops enabled, and the Java Heap may be blocking the growth of the native heap
# Possible solutions:
#   Reduce memory load on the system
#   Increase physical memory or swap space
#   Check if swap backing store is full
#   Decrease Java heap size (-Xmx/-Xms)
#   Decrease number of Java threads
#   Decrease Java thread stack sizes (-Xss)
#   Set larger code cache with -XX:ReservedCodeCacheSize=
#   JVM is running with Unscaled Compressed Oops mode in which the Java heap is
#     placed in the first 4GB address space. The Java Heap base address is the
#     maximum limit for the native heap growth. Please use -XX:HeapBaseMinAddress
#     to set the Java Heap base and to place the Java Heap above 4GB virtual address.
# This output file may be truncated or incomplete.
#
#  Out of Memory Error (t:/workspace/hotspot/src/os/windows/vm/os_windows.cpp:3357), pid=25776, tid=24016
#
# JRE version: Java(TM) SE Runtime Environment (9.0+11) (build 9.0.1+11)
# Java VM: Java HotSpot(TM) 64-Bit Server VM (9.0.1+11, mixed mode, tiered, compressed oops, g1 gc, windows-amd64)
# No core dump will be written. Minidumps are not enabled by default on client versions of Windows
#

---------------  S U M M A R Y ------------

Command Line: -Dmaven.multiModuleProjectDirectory=C:\Users\Antoine\Desktop\testjpa -Dmaven.home=C:\Program Files\JetBrains\IntelliJ IDEA Community Edition 2017.3.1\plugins\maven\lib\maven3 -Dclassworlds.conf=C:\Program Files\JetBrains\IntelliJ IDEA Community Edition 2017.3.1\plugins\maven\lib\maven3\bin\m2.conf -Dfile.encoding=UTF-8 org.codehaus.classworlds.Launcher -Didea.version=2017.3.1 tomcat7:run

Host: Intel(R) Core(TM) i7-4510U CPU @ 2.00GHz, 4 cores, 7G,  Windows 10 , 64 bit Build 15063 (10.0.15063.296)
Time: Wed Feb 28 19:47:20 2018 Europe de l?Ouest elapsed time: 12 seconds (0d 0h 0m 12s)

---------------  T H R E A D  ---------------

Current thread (0x0000028069654800):  VMThread "VM Thread" [stack: 0x000000be75a00000,0x000000be75b00000] [id=24016]

Stack: [0x000000be75a00000,0x000000be75b00000]
[error occurred during error reporting (printing stack bounds), id 0xe0000002]

Native frames: (J=compiled Java code, j=interpreted, Vv=VM code, C=native code)
V  [jvm.dll+0x5870b8]
V  [jvm.dll+0x69c0ee]
V  [jvm.dll+0x69d00a]
V  [jvm.dll+0x69cb95]
V  [jvm.dll+0x69d5ab]
V  [jvm.dll+0x586916]
V  [jvm.dll+0x586ce8]
C  [ntdll.dll+0xaa07d]
C  [ntdll.dll+0x19c58]
C  [ntdll.dll+0xa90fe]
C  0x0000028052280e2a

VM_Operation (0x000000be767fbd80): G1IncCollectionPause, mode: safepoint, requested by thread 0x000002806a6f5000


---------------  P R O C E S S  ---------------

Java Threads: ( => current thread )
  0x000002806a6f5000 JavaThread "localhost-startStop-1" daemon [_thread_blocked, id=19100, stack(0x000000be76700000,0x000000be76800000)]
  0x000002806c64a000 JavaThread "Tomcat-startStop-1" daemon [_thread_blocked, id=25092, stack(0x000000be76600000,0x000000be76700000)]
  0x00000280699a3800 JavaThread "Service Thread" daemon [_thread_blocked, id=4208, stack(0x000000be76400000,0x000000be76500000)]
  0x0000028069755000 JavaThread "Common-Cleaner" daemon [_thread_blocked, id=2164, stack(0x000000be76300000,0x000000be76400000)]
  0x000002806973a000 JavaThread "Sweeper thread" daemon [_thread_blocked, id=28704, stack(0x000000be76200000,0x000000be76300000)]
  0x0000028069721800 JavaThread "C1 CompilerThread2" daemon [_thread_blocked, id=34064, stack(0x000000be76100000,0x000000be76200000)]
  0x00000280696c3000 JavaThread "C2 CompilerThread1" daemon [_thread_blocked, id=19952, stack(0x000000be76000000,0x000000be76100000)]
  0x0000028069666000 JavaThread "C2 CompilerThread0" daemon [_thread_blocked, id=10048, stack(0x000000be75f00000,0x000000be76000000)]
  0x0000028069665000 JavaThread "Attach Listener" daemon [_thread_blocked, id=35544, stack(0x000000be75e00000,0x000000be75f00000)]
  0x00000280696bd800 JavaThread "Signal Dispatcher" daemon [_thread_blocked, id=35684, stack(0x000000be75d00000,0x000000be75e00000)]
  0x000002806965f800 JavaThread "Finalizer" daemon [_thread_blocked, id=28924, stack(0x000000be75c00000,0x000000be75d00000)]
  0x000002806966c000 JavaThread "Reference Handler" daemon [_thread_blocked, id=17868, stack(0x000000be75b00000,0x000000be75c00000)]
  0x00000280462fb000 JavaThread "main" [_thread_blocked, id=27840, stack(0x000000be74e00000,0x000000be74f00000)]

Other Threads:
=>0x0000028069654800 VMThread "VM Thread" [stack: 0x000000be75a00000,0x000000be75b00000] [id=24016]
  0x00000280699a8000 WatcherThread [stack: 0x000000be76500000,0x000000be76600000] [id=33832]
  0x0000028046313800 GCTaskThread "GC Thread#0" [stack: 0x000000be74f00000,0x000000be75000000] [id=18964]
  0x0000028046314800 GCTaskThread "GC Thread#1" [stack: 0x000000be75000000,0x000000be75100000] [id=6424]
  0x0000028046316800 GCTaskThread "GC Thread#2" [stack: 0x000000be75100000,0x000000be75200000] [id=8724]
  0x0000028046318800 GCTaskThread "GC Thread#3" [stack: 0x000000be75200000,0x000000be75300000] [id=17832]
  0x0000028046396800 ConcurrentGCThread "G1 Main Marker" [stack: 0x000000be75800000,0x000000be75900000] [id=36744]
  0x0000028046398800 ConcurrentGCThread "G1 Marker#0" [stack: 0x000000be75900000,0x000000be75a00000] [id=27124]
  0x0000028046325800 ConcurrentGCThread "G1 Refine#0" [stack: 0x000000be75600000,0x000000be75700000] [id=35452]
  0x0000028046320800 ConcurrentGCThread "G1 Refine#1" [stack: 0x000000be75500000,0x000000be75600000] [id=29536]
  0x000002804631e800 ConcurrentGCThread "G1 Refine#2" [stack: 0x000000be75400000,0x000000be75500000] [id=27420]
  0x000002804631a000 ConcurrentGCThread "G1 Refine#3" [stack: 0x000000be75300000,0x000000be75400000] [id=10180]
  0x0000028046326800 ConcurrentGCThread "G1 Young RemSet Sampling" [stack: 0x000000be75700000,0x000000be75800000] [id=220]

Threads with active compile tasks:
C2 CompilerThread14794 %     4       org.apache.tomcat.util.bcel.classfile.ConstantPool::<init> @ 25 (74 bytes)
C2 CompilerThread04713       4       org.apache.tomcat.util.bcel.classfile.Attribute::readAttribute (527 bytes)

VM state:at safepoint (normal execution)

VM Mutex/Monitor currently owned by a thread:  ([mutex/lock_event])
[0x00000280462f9c80] Threads_lock - owner thread: 0x0000028069654800
[0x00000280462f9140] Heap_lock - owner thread: 0x000002806a6f5000

Heap address: 0x0000000081c00000, size: 2020 MB, Compressed Oops mode: 32-bit
Narrow klass base: 0x0000000000000000, Narrow klass shift: 3
Compressed class space size: 1073741824 Address: 0x0000000100000000

Heap:
 garbage-first heap   total 157696K, used 34702K [0x0000000081c00000, 0x0000000081d004d0, 0x0000000100000000)
  region size 1024K, 9 young (9216K), 9 survivors (9216K)
 Metaspace       used 29703K, capacity 30768K, committed 30848K, reserved 1077248K
  class space    used 3189K, capacity 3420K, committed 3456K, reserved 1048576K
Heap Regions: E=young(eden), S=young(survivor), O=old, HS=humongous(starts), HC=humongous(continues), CS=collection set, F=free, A=archive, TS=gc time stamp, AC=allocation context, TAMS=top-at-mark-start (previous, next)
|   0|0x0000000081c00000, 0x0000000081d00000, 0x0000000081d00000|100%| O|  |TS  0|AC  0|TAMS 0x0000000081d00000, 0x0000000081d00000|
|   1|0x0000000081d00000, 0x0000000081e00000, 0x0000000081e00000|100%| O|  |TS  0|AC  0|TAMS 0x0000000081e00000, 0x0000000081e00000|
|   2|0x0000000081e00000, 0x0000000081f00000, 0x0000000081f00000|100%| O|  |TS  0|AC  0|TAMS 0x0000000081f00000, 0x0000000081f00000|
|   3|0x0000000081f00000, 0x0000000082000000, 0x0000000082000000|100%| O|  |TS  0|AC  0|TAMS 0x0000000082000000, 0x0000000082000000|
|   4|0x0000000082000000, 0x0000000082100000, 0x0000000082100000|100%| O|  |TS  0|AC  0|TAMS 0x0000000082100000, 0x0000000082100000|
|   5|0x0000000082100000, 0x0000000082200000, 0x0000000082200000|100%| O|  |TS  3|AC  0|TAMS 0x0000000082100000, 0x0000000082100000|
|   6|0x0000000082200000, 0x0000000082300000, 0x0000000082300000|100%| O|  |TS  3|AC  0|TAMS 0x0000000082200000, 0x0000000082200000|
|   7|0x0000000082300000, 0x0000000082400000, 0x0000000082400000|100%| O|  |TS  0|AC  0|TAMS 0x0000000082400000, 0x0000000082400000|
|   8|0x0000000082400000, 0x0000000082500000, 0x0000000082500000|100%| O|  |TS  0|AC  0|TAMS 0x0000000082500000, 0x0000000082500000|
|   9|0x0000000082500000, 0x0000000082600000, 0x0000000082600000|100%| O|  |TS  0|AC  0|TAMS 0x0000000082600000, 0x0000000082600000|
|  10|0x0000000082600000, 0x0000000082700000, 0x0000000082700000|100%| O|  |TS  3|AC  0|TAMS 0x00000000826e8e00, 0x00000000826e8e00|
|  11|0x0000000082700000, 0x0000000082800000, 0x0000000082800000|100%| O|  |TS  3|AC  0|TAMS 0x0000000082700000, 0x0000000082700000|
|  12|0x0000000082800000, 0x0000000082900000, 0x0000000082900000|100%| O|  |TS  3|AC  0|TAMS 0x0000000082800000, 0x0000000082800000|
|  13|0x0000000082900000, 0x0000000082a00000, 0x0000000082a00000|100%| O|  |TS  3|AC  0|TAMS 0x0000000082900000, 0x0000000082900000|
|  14|0x0000000082a00000, 0x0000000082b00000, 0x0000000082b00000|100%| O|  |TS  3|AC  0|TAMS 0x0000000082a00000, 0x0000000082a00000|
|  15|0x0000000082b00000, 0x0000000082c00000, 0x0000000082c00000|100%| O|  |TS  3|AC  0|TAMS 0x0000000082b00000, 0x0000000082b00000|
|  16|0x0000000082c00000, 0x0000000082d00000, 0x0000000082d00000|100%| O|  |TS  3|AC  0|TAMS 0x0000000082c00000, 0x0000000082c00000|
|  17|0x0000000082d00000, 0x0000000082e00000, 0x0000000082e00000|100%| O|  |TS  3|AC  0|TAMS 0x0000000082d00000, 0x0000000082d00000|
|  18|0x0000000082e00000, 0x0000000082f00000, 0x0000000082f00000|100%| O|  |TS  5|AC  0|TAMS 0x0000000082e00000, 0x0000000082e00000|
|  19|0x0000000082f00000, 0x0000000083000000, 0x0000000083000000|100%| O|  |TS  5|AC  0|TAMS 0x0000000082f00000, 0x0000000082f00000|
|  20|0x0000000083000000, 0x0000000083100000, 0x0000000083100000|100%| O|  |TS  5|AC  0|TAMS 0x0000000083000000, 0x0000000083000000|
|  21|0x0000000083100000, 0x0000000083200000, 0x0000000083200000|100%| O|  |TS  5|AC  0|TAMS 0x0000000083100000, 0x0000000083100000|
|  22|0x0000000083200000, 0x0000000083300000, 0x0000000083300000|100%| O|  |TS  5|AC  0|TAMS 0x0000000083200000, 0x0000000083200000|
|  23|0x0000000083300000, 0x0000000083400000, 0x0000000083400000|100%| O|  |TS  5|AC  0|TAMS 0x0000000083300000, 0x0000000083300000|
|  24|0x0000000083400000, 0x00000000834e3800, 0x0000000083500000| 88%| O|  |TS  5|AC  0|TAMS 0x0000000083400000, 0x0000000083400000|
|  25|0x0000000083500000, 0x0000000083500000, 0x0000000083600000|  0%| F|  |TS  0|AC  0|TAMS 0x0000000083500000, 0x0000000083500000|
|  26|0x0000000083600000, 0x0000000083600000, 0x0000000083700000|  0%| F|  |TS  0|AC  0|TAMS 0x0000000083600000, 0x0000000083600000|
|  27|0x0000000083700000, 0x0000000083700000, 0x0000000083800000|  0%| F|  |TS  0|AC  0|TAMS 0x0000000083700000, 0x0000000083700000|
|  28|0x0000000083800000, 0x0000000083800000, 0x0000000083900000|  0%| F|  |TS  0|AC  0|TAMS 0x0000000083800000, 0x0000000083800000|
|  29|0x0000000083900000, 0x0000000083900000, 0x0000000083a00000|  0%| F|  |TS  0|AC  0|TAMS 0x0000000083900000, 0x0000000083900000|
|  30|0x0000000083a00000, 0x0000000083a00000, 0x0000000083b00000|  0%| F|  |TS  0|AC  0|TAMS 0x0000000083a00000, 0x0000000083a00000|
|  31|0x0000000083b00000, 0x0000000083b00000, 0x0000000083c00000|  0%| F|  |TS  0|AC  0|TAMS 0x0000000083b00000, 0x0000000083b00000|
|  32|0x0000000083c00000, 0x0000000083c00000, 0x0000000083d00000|  0%| F|  |TS  0|AC  0|TAMS 0x0000000083c00000, 0x0000000083c00000|
|  33|0x0000000083d00000, 0x0000000083d00000, 0x0000000083e00000|  0%| F|  |TS  0|AC  0|TAMS 0x0000000083d00000, 0x0000000083d00000|
|  34|0x0000000083e00000, 0x0000000083e00000, 0x0000000083f00000|  0%| F|  |TS  0|AC  0|TAMS 0x0000000083e00000, 0x0000000083e00000|
|  35|0x0000000083f00000, 0x0000000083f00000, 0x0000000084000000|  0%| F|  |TS  0|AC  0|TAMS 0x0000000083f00000, 0x0000000083f00000|
|  36|0x0000000084000000, 0x0000000084000000, 0x0000000084100000|  0%| F|  |TS  0|AC  0|TAMS 0x0000000084000000, 0x0000000084000000|
|  37|0x0000000084100000, 0x0000000084100000, 0x0000000084200000|  0%| F|  |TS  0|AC  0|TAMS 0x0000000084100000, 0x0000000084100000|
|  38|0x0000000084200000, 0x0000000084200000, 0x0000000084300000|  0%| F|  |TS  0|AC  0|TAMS 0x0000000084200000, 0x0000000084200000|
|  39|0x0000000084300000, 0x0000000084300000, 0x0000000084400000|  0%| F|  |TS  0|AC  0|TAMS 0x0000000084300000, 0x0000000084300000|
|  40|0x0000000084400000, 0x0000000084400000, 0x0000000084500000|  0%| F|  |TS  0|AC  0|TAMS 0x0000000084400000, 0x0000000084400000|
|  41|0x0000000084500000, 0x0000000084500000, 0x0000000084600000|  0%| F|  |TS  0|AC  0|TAMS 0x0000000084500000, 0x0000000084500000|
|  42|0x0000000084600000, 0x0000000084600000, 0x0000000084700000|  0%| F|  |TS  3|AC  0|TAMS 0x0000000084600000, 0x0000000084600000|
|  43|0x0000000084700000, 0x0000000084700000, 0x0000000084800000|  0%| F|  |TS  3|AC  0|TAMS 0x0000000084700000, 0x0000000084700000|
|  44|0x0000000084800000, 0x0000000084800000, 0x0000000084900000|  0%| F|  |TS  3|AC  0|TAMS 0x0000000084800000, 0x0000000084800000|
|  45|0x0000000084900000, 0x0000000084900000, 0x0000000084a00000|  0%| F|  |TS  3|AC  0|TAMS 0x0000000084900000, 0x0000000084900000|
|  46|0x0000000084a00000, 0x0000000084a00000, 0x0000000084b00000|  0%| F|  |TS  3|AC  0|TAMS 0x0000000084a00000, 0x0000000084a00000|
|  47|0x0000000084b00000, 0x0000000084b00000, 0x0000000084c00000|  0%| F|  |TS  3|AC  0|TAMS 0x0000000084b00000, 0x0000000084b00000|
|  48|0x0000000084c00000, 0x0000000084c00000, 0x0000000084d00000|  0%| F|  |TS  3|AC  0|TAMS 0x0000000084c00000, 0x0000000084c00000|
|  49|0x0000000084d00000, 0x0000000084d00000, 0x0000000084e00000|  0%| F|  |TS  3|AC  0|TAMS 0x0000000084d00000, 0x0000000084d00000|
|  50|0x0000000084e00000, 0x0000000084f00000, 0x0000000084f00000|100%| S|CS|TS  5|AC  0|TAMS 0x0000000084e00000, 0x0000000084e00000|
|  51|0x0000000084f00000, 0x0000000085000000, 0x0000000085000000|100%| S|CS|TS  5|AC  0|TAMS 0x0000000084f00000, 0x0000000084f00000|
|  52|0x0000000085000000, 0x0000000085000000, 0x0000000085100000|  0%| F|  |TS  5|AC  0|TAMS 0x0000000085000000, 0x0000000085000000|
|  53|0x0000000085100000, 0x0000000085100000, 0x0000000085200000|  0%| F|  |TS  5|AC  0|TAMS 0x0000000085100000, 0x0000000085100000|
|  54|0x0000000085200000, 0x0000000085200000, 0x0000000085300000|  0%| F|  |TS  5|AC  0|TAMS 0x0000000085200000, 0x0000000085200000|
|  55|0x0000000085300000, 0x0000000085300000, 0x0000000085400000|  0%| F|  |TS  5|AC  0|TAMS 0x0000000085300000, 0x0000000085300000|
|  56|0x0000000085400000, 0x0000000085400000, 0x0000000085500000|  0%| F|  |TS  5|AC  0|TAMS 0x0000000085400000, 0x0000000085400000|
|  57|0x0000000085500000, 0x0000000085500000, 0x0000000085600000|  0%| F|  |TS  5|AC  0|TAMS 0x0000000085500000, 0x0000000085500000|
|  58|0x0000000085600000, 0x0000000085600000, 0x0000000085700000|  0%| F|  |TS  5|AC  0|TAMS 0x0000000085600000, 0x0000000085600000|
|  59|0x0000000085700000, 0x0000000085700000, 0x0000000085800000|  0%| F|  |TS  5|AC  0|TAMS 0x0000000085700000, 0x0000000085700000|
|  60|0x0000000085800000, 0x0000000085800000, 0x0000000085900000|  0%| F|  |TS  5|AC  0|TAMS 0x0000000085800000, 0x0000000085800000|
|  61|0x0000000085900000, 0x0000000085900000, 0x0000000085a00000|  0%| F|  |TS  5|AC  0|TAMS 0x0000000085900000, 0x0000000085900000|
|  62|0x0000000085a00000, 0x0000000085b00000, 0x0000000085b00000|100%| S|CS|TS  5|AC  0|TAMS 0x0000000085a00000, 0x0000000085a00000|
|  63|0x0000000085b00000, 0x0000000085c00000, 0x0000000085c00000|100%| S|CS|TS  5|AC  0|TAMS 0x0000000085b00000, 0x0000000085b00000|
|  64|0x0000000085c00000, 0x0000000085d00000, 0x0000000085d00000|100%| S|CS|TS  5|AC  0|TAMS 0x0000000085c00000, 0x0000000085c00000|
|  65|0x0000000085d00000, 0x0000000085e00000, 0x0000000085e00000|100%| S|CS|TS  5|AC  0|TAMS 0x0000000085d00000, 0x0000000085d00000|
|  66|0x0000000085e00000, 0x0000000085f00000, 0x0000000085f00000|100%| S|CS|TS  5|AC  0|TAMS 0x0000000085e00000, 0x0000000085e00000|
|  67|0x0000000085f00000, 0x0000000086000000, 0x0000000086000000|100%| S|CS|TS  5|AC  0|TAMS 0x0000000085f00000, 0x0000000085f00000|
|  68|0x0000000086000000, 0x0000000086100000, 0x0000000086100000|100%| S|CS|TS  5|AC  0|TAMS 0x0000000086000000, 0x0000000086000000|
|  69|0x0000000086100000, 0x0000000086100000, 0x0000000086200000|  0%| F|  |TS  5|AC  0|TAMS 0x0000000086100000, 0x0000000086100000|
|  70|0x0000000086200000, 0x0000000086200000, 0x0000000086300000|  0%| F|  |TS  5|AC  0|TAMS 0x0000000086200000, 0x0000000086200000|
|  71|0x0000000086300000, 0x0000000086300000, 0x0000000086400000|  0%| F|  |TS  5|AC  0|TAMS 0x0000000086300000, 0x0000000086300000|
|  72|0x0000000086400000, 0x0000000086400000, 0x0000000086500000|  0%| F|  |TS  5|AC  0|TAMS 0x0000000086400000, 0x0000000086400000|
|  73|0x0000000086500000, 0x0000000086500000, 0x0000000086600000|  0%| F|  |TS  5|AC  0|TAMS 0x0000000086500000, 0x0000000086500000|
|  74|0x0000000086600000, 0x0000000086600000, 0x0000000086700000|  0%| F|  |TS  5|AC  0|TAMS 0x0000000086600000, 0x0000000086600000|
|  75|0x0000000086700000, 0x0000000086700000, 0x0000000086800000|  0%| F|  |TS  5|AC  0|TAMS 0x0000000086700000, 0x0000000086700000|
|  76|0x0000000086800000, 0x0000000086800000, 0x0000000086900000|  0%| F|  |TS  5|AC  0|TAMS 0x0000000086800000, 0x0000000086800000|
|  77|0x0000000086900000, 0x0000000086900000, 0x0000000086a00000|  0%| F|  |TS  5|AC  0|TAMS 0x0000000086900000, 0x0000000086900000|
|  78|0x0000000086a00000, 0x0000000086a00000, 0x0000000086b00000|  0%| F|  |TS  5|AC  0|TAMS 0x0000000086a00000, 0x0000000086a00000|
|  79|0x0000000086b00000, 0x0000000086b00000, 0x0000000086c00000|  0%| F|  |TS  5|AC  0|TAMS 0x0000000086b00000, 0x0000000086b00000|
|  80|0x0000000086c00000, 0x0000000086c00000, 0x0000000086d00000|  0%| F|  |TS  5|AC  0|TAMS 0x0000000086c00000, 0x0000000086c00000|
|  81|0x0000000086d00000, 0x0000000086d00000, 0x0000000086e00000|  0%| F|  |TS  5|AC  0|TAMS 0x0000000086d00000, 0x0000000086d00000|
|  82|0x0000000086e00000, 0x0000000086e00000, 0x0000000086f00000|  0%| F|  |TS  5|AC  0|TAMS 0x0000000086e00000, 0x0000000086e00000|
|  83|0x0000000086f00000, 0x0000000086f00000, 0x0000000087000000|  0%| F|  |TS  5|AC  0|TAMS 0x0000000086f00000, 0x0000000086f00000|
|  84|0x0000000087000000, 0x0000000087000000, 0x0000000087100000|  0%| F|  |TS  5|AC  0|TAMS 0x0000000087000000, 0x0000000087000000|
|  85|0x0000000087100000, 0x0000000087100000, 0x0000000087200000|  0%| F|  |TS  5|AC  0|TAMS 0x0000000087100000, 0x0000000087100000|
|  86|0x0000000087200000, 0x0000000087200000, 0x0000000087300000|  0%| F|  |TS  5|AC  0|TAMS 0x0000000087200000, 0x0000000087200000|
|  87|0x0000000087300000, 0x0000000087300000, 0x0000000087400000|  0%| F|  |TS  5|AC  0|TAMS 0x0000000087300000, 0x0000000087300000|
|  88|0x0000000087400000, 0x0000000087400000, 0x0000000087500000|  0%| F|  |TS  5|AC  0|TAMS 0x0000000087400000, 0x0000000087400000|
|  89|0x0000000087500000, 0x0000000087500000, 0x0000000087600000|  0%| F|  |TS  5|AC  0|TAMS 0x0000000087500000, 0x0000000087500000|
|  90|0x0000000087600000, 0x0000000087600000, 0x0000000087700000|  0%| F|  |TS  5|AC  0|TAMS 0x0000000087600000, 0x0000000087600000|
|  91|0x0000000087700000, 0x0000000087700000, 0x0000000087800000|  0%| F|  |TS  5|AC  0|TAMS 0x0000000087700000, 0x0000000087700000|
|  92|0x0000000087800000, 0x0000000087800000, 0x0000000087900000|  0%| F|  |TS  5|AC  0|TAMS 0x0000000087800000, 0x0000000087800000|
|  93|0x0000000087900000, 0x0000000087900000, 0x0000000087a00000|  0%| F|  |TS  5|AC  0|TAMS 0x0000000087900000, 0x0000000087900000|
|  94|0x0000000087a00000, 0x0000000087a00000, 0x0000000087b00000|  0%| F|  |TS  5|AC  0|TAMS 0x0000000087a00000, 0x0000000087a00000|
|  95|0x0000000087b00000, 0x0000000087b00000, 0x0000000087c00000|  0%| F|  |TS  5|AC  0|TAMS 0x0000000087b00000, 0x0000000087b00000|
|  96|0x0000000087c00000, 0x0000000087c00000, 0x0000000087d00000|  0%| F|  |TS  5|AC  0|TAMS 0x0000000087c00000, 0x0000000087c00000|
|  97|0x0000000087d00000, 0x0000000087d00000, 0x0000000087e00000|  0%| F|  |TS  5|AC  0|TAMS 0x0000000087d00000, 0x0000000087d00000|
|  98|0x0000000087e00000, 0x0000000087e00000, 0x0000000087f00000|  0%| F|  |TS  5|AC  0|TAMS 0x0000000087e00000, 0x0000000087e00000|
|  99|0x0000000087f00000, 0x0000000087f00000, 0x0000000088000000|  0%| F|  |TS  5|AC  0|TAMS 0x0000000087f00000, 0x0000000087f00000|
| 100|0x0000000088000000, 0x0000000088000000, 0x0000000088100000|  0%| F|  |TS  5|AC  0|TAMS 0x0000000088000000, 0x0000000088000000|
| 101|0x0000000088100000, 0x0000000088100000, 0x0000000088200000|  0%| F|  |TS  5|AC  0|TAMS 0x0000000088100000, 0x0000000088100000|
| 102|0x0000000088200000, 0x0000000088200000, 0x0000000088300000|  0%| F|  |TS  5|AC  0|TAMS 0x0000000088200000, 0x0000000088200000|
| 103|0x0000000088300000, 0x0000000088300000, 0x0000000088400000|  0%| F|  |TS  5|AC  0|TAMS 0x0000000088300000, 0x0000000088300000|
| 104|0x0000000088400000, 0x0000000088400000, 0x0000000088500000|  0%| F|  |TS  5|AC  0|TAMS 0x0000000088400000, 0x0000000088400000|
| 105|0x0000000088500000, 0x0000000088500000, 0x0000000088600000|  0%| F|  |TS  5|AC  0|TAMS 0x0000000088500000, 0x0000000088500000|
| 106|0x0000000088600000, 0x0000000088600000, 0x0000000088700000|  0%| F|  |TS  5|AC  0|TAMS 0x0000000088600000, 0x0000000088600000|
| 107|0x0000000088700000, 0x0000000088700000, 0x0000000088800000|  0%| F|  |TS  5|AC  0|TAMS 0x0000000088700000, 0x0000000088700000|
| 108|0x0000000088800000, 0x0000000088800000, 0x0000000088900000|  0%| F|  |TS  5|AC  0|TAMS 0x0000000088800000, 0x0000000088800000|
| 109|0x0000000088900000, 0x0000000088900000, 0x0000000088a00000|  0%| F|  |TS  5|AC  0|TAMS 0x0000000088900000, 0x0000000088900000|
| 110|0x0000000088a00000, 0x0000000088a00000, 0x0000000088b00000|  0%| F|  |TS  5|AC  0|TAMS 0x0000000088a00000, 0x0000000088a00000|
| 111|0x0000000088b00000, 0x0000000088b00000, 0x0000000088c00000|  0%| F|  |TS  5|AC  0|TAMS 0x0000000088b00000, 0x0000000088b00000|
| 112|0x0000000088c00000, 0x0000000088c00000, 0x0000000088d00000|  0%| F|  |TS  5|AC  0|TAMS 0x0000000088c00000, 0x0000000088c00000|
| 113|0x0000000088d00000, 0x0000000088d00000, 0x0000000088e00000|  0%| F|  |TS  5|AC  0|TAMS 0x0000000088d00000, 0x0000000088d00000|
| 114|0x0000000088e00000, 0x0000000088e00000, 0x0000000088f00000|  0%| F|  |TS  5|AC  0|TAMS 0x0000000088e00000, 0x0000000088e00000|
| 115|0x0000000088f00000, 0x0000000088f00000, 0x0000000089000000|  0%| F|  |TS  5|AC  0|TAMS 0x0000000088f00000, 0x0000000088f00000|
| 116|0x0000000089000000, 0x0000000089000000, 0x0000000089100000|  0%| F|  |TS  5|AC  0|TAMS 0x0000000089000000, 0x0000000089000000|
| 117|0x0000000089100000, 0x0000000089100000, 0x0000000089200000|  0%| F|  |TS  5|AC  0|TAMS 0x0000000089100000, 0x0000000089100000|
| 118|0x0000000089200000, 0x0000000089200000, 0x0000000089300000|  0%| F|  |TS  5|AC  0|TAMS 0x0000000089200000, 0x0000000089200000|
| 119|0x0000000089300000, 0x0000000089300000, 0x0000000089400000|  0%| F|  |TS  5|AC  0|TAMS 0x0000000089300000, 0x0000000089300000|
| 120|0x0000000089400000, 0x0000000089400000, 0x0000000089500000|  0%| F|  |TS  5|AC  0|TAMS 0x0000000089400000, 0x0000000089400000|
| 121|0x0000000089500000, 0x0000000089500000, 0x0000000089600000|  0%| F|  |TS  5|AC  0|TAMS 0x0000000089500000, 0x0000000089500000|
| 122|0x0000000089600000, 0x0000000089600000, 0x0000000089700000|  0%| F|  |TS  5|AC  0|TAMS 0x0000000089600000, 0x0000000089600000|
| 123|0x0000000089700000, 0x0000000089700000, 0x0000000089800000|  0%| F|  |TS  5|AC  0|TAMS 0x0000000089700000, 0x0000000089700000|
| 124|0x0000000089800000, 0x0000000089800000, 0x0000000089900000|  0%| F|  |TS  5|AC  0|TAMS 0x0000000089800000, 0x0000000089800000|
| 125|0x0000000089900000, 0x0000000089900000, 0x0000000089a00000|  0%| F|  |TS  5|AC  0|TAMS 0x0000000089900000, 0x0000000089900000|
| 126|0x0000000089a00000, 0x0000000089a00000, 0x0000000089b00000|  0%| F|  |TS  5|AC  0|TAMS 0x0000000089a00000, 0x0000000089a00000|
| 127|0x0000000089b00000, 0x0000000089b00000, 0x0000000089c00000|  0%| F|  |TS  5|AC  0|TAMS 0x0000000089b00000, 0x0000000089b00000|

Card table byte_map: [0x00000280620a0000,0x00000280624a0000] byte_map_base: 0x0000028061c92000

Marking Bits (Prev, Next): (CMBitMap*) 0x0000028046395ba8, (CMBitMap*) 0x0000028046395b70
 Prev Bits: [0x0000028064830000, 0x00000280667c0000)
 Next Bits: [0x00000280628a0000, 0x0000028064830000)

Polling page: 0x00000280463d0000

CodeHeap 'non-profiled nmethods': size=120064Kb used=2281Kb max_used=2428Kb free=117782Kb
 bounds [0x0000028059d40000, 0x0000028059fc0000, 0x0000028061280000]
CodeHeap 'profiled nmethods': size=120000Kb used=9670Kb max_used=11325Kb free=110329Kb
 bounds [0x0000028052810000, 0x0000028053320000, 0x0000028059d40000]
CodeHeap 'non-nmethods': size=5696Kb used=1286Kb max_used=1348Kb free=4409Kb
 bounds [0x0000028052280000, 0x00000280524f0000, 0x0000028052810000]
 total_blobs=6349 nmethods=4202 adapters=384
 compilation: enabled

Compilation events (10 events):
Event: 11.820 Thread 0x0000028069721800 4852   !   3       org.apache.catalina.startup.ContextConfig::checkHandlesTypes (453 bytes)
Event: 11.823 Thread 0x0000028069721800 nmethod 4852 0x0000028052a2a310 code [0x0000028052a2a8c0, 0x0000028052a2e290]
Event: 11.834 Thread 0x0000028069721800 4853       2       org.apache.tomcat.util.bcel.classfile.Synthetic::<init> (40 bytes)
Event: 11.834 Thread 0x0000028069721800 nmethod 4853 0x0000028052871010 code [0x00000280528711e0, 0x0000028052871540]
Event: 11.894 Thread 0x0000028069721800 4854       3       org.apache.catalina.startup.ContextConfig::getSCIsForClass (82 bytes)
Event: 11.895 Thread 0x0000028069721800 nmethod 4854 0x0000028052901f90 code [0x0000028052902220, 0x00000280529030f0]
Event: 11.936 Thread 0x0000028069721800 4856       2       org.codehaus.plexus.classworlds.strategy.SelfFirstStrategy::getResource (37 bytes)
Event: 11.937 Thread 0x0000028069721800 nmethod 4856 0x0000028052886210 code [0x0000028052886400, 0x00000280528866b0]
Event: 11.937 Thread 0x0000028069721800 4857       2       org.codehaus.plexus.classworlds.realm.Entry::matches (282 bytes)
Event: 11.940 Thread 0x0000028069721800 nmethod 4857 0x0000028052963810 code [0x0000028052963b60, 0x00000280529649e0]

GC Heap History (10 events):
Event: 2.746 GC heap after
{Heap after GC invocations=3 (full 0):
 garbage-first heap   total 131072K, used 7757K [0x0000000081c00000, 0x0000000081d00400, 0x0000000100000000)
  region size 1024K, 3 young (3072K), 3 survivors (3072K)
 Metaspace       used 13299K, capacity 13614K, committed 13824K, reserved 1060864K
  class space    used 1383K, capacity 1471K, committed 1536K, reserved 1048576K
}
Event: 4.746 GC heap before
{Heap before GC invocations=3 (full 0):
 garbage-first heap   total 131072K, used 51789K [0x0000000081c00000, 0x0000000081d00400, 0x0000000100000000)
  region size 1024K, 46 young (47104K), 3 survivors (3072K)
 Metaspace       used 19475K, capacity 19926K, committed 20224K, reserved 1067008K
  class space    used 2112K, capacity 2237K, committed 2304K, reserved 1048576K
}
Event: 4.788 GC heap after
{Heap after GC invocations=4 (full 0):
 garbage-first heap   total 131072K, used 13501K [0x0000000081c00000, 0x0000000081d00400, 0x0000000100000000)
  region size 1024K, 6 young (6144K), 6 survivors (6144K)
 Metaspace       used 19475K, capacity 19926K, committed 20224K, reserved 1067008K
  class space    used 2112K, capacity 2237K, committed 2304K, reserved 1048576K
}
Event: 7.823 GC heap before
{Heap before GC invocations=4 (full 0):
 garbage-first heap   total 131072K, used 46269K [0x0000000081c00000, 0x0000000081d00400, 0x0000000100000000)
  region size 1024K, 39 young (39936K), 6 survivors (6144K)
 Metaspace       used 20618K, capacity 21088K, committed 21296K, reserved 1069056K
  class space    used 2210K, capacity 2344K, committed 2432K, reserved 1048576K
}
Event: 7.844 GC heap after
{Heap after GC invocations=5 (full 0):
 garbage-first heap   total 131072K, used 13930K [0x0000000081c00000, 0x0000000081d00400, 0x0000000100000000)
  region size 1024K, 3 young (3072K), 3 survivors (3072K)
 Metaspace       used 20618K, capacity 21088K, committed 21296K, reserved 1069056K
  class space    used 2210K, capacity 2344K, committed 2432K, reserved 1048576K
}
Event: 10.450 GC heap before
{Heap before GC invocations=6 (full 0):
 garbage-first heap   total 131072K, used 86634K [0x0000000081c00000, 0x0000000081d00400, 0x0000000100000000)
  region size 1024K, 76 young (77824K), 3 survivors (3072K)
 Metaspace       used 27230K, capacity 28206K, committed 28416K, reserved 1075200K
  class space    used 2955K, capacity 3201K, committed 3328K, reserved 1048576K
}
Event: 10.468 GC heap after
{Heap after GC invocations=7 (full 0):
 garbage-first heap   total 131072K, used 18988K [0x0000000081c00000, 0x0000000081d00400, 0x0000000100000000)
  region size 1024K, 10 young (10240K), 10 survivors (10240K)
 Metaspace       used 27230K, capacity 28206K, committed 28416K, reserved 1075200K
  class space    used 2955K, capacity 3201K, committed 3328K, reserved 1048576K
}
Event: 11.456 GC heap before
{Heap before GC invocations=7 (full 0):
 garbage-first heap   total 131072K, used 86572K [0x0000000081c00000, 0x0000000081d00400, 0x0000000100000000)
  region size 1024K, 76 young (77824K), 10 survivors (10240K)
 Metaspace       used 29683K, capacity 30768K, committed 30848K, reserved 1077248K
  class space    used 3189K, capacity 3420K, committed 3456K, reserved 1048576K
}
Event: 11.478 GC heap after
{Heap after GC invocations=8 (full 0):
 garbage-first heap   total 131072K, used 29055K [0x0000000081c00000, 0x0000000081d00400, 0x0000000100000000)
  region size 1024K, 10 young (10240K), 10 survivors (10240K)
 Metaspace       used 29683K, capacity 30768K, committed 30848K, reserved 1077248K
  class space    used 3189K, capacity 3420K, committed 3456K, reserved 1048576K
}
Event: 11.945 GC heap before
{Heap before GC invocations=8 (full 0):
 garbage-first heap   total 131072K, used 89471K [0x0000000081c00000, 0x0000000081d00400, 0x0000000100000000)
  region size 1024K, 69 young (70656K), 10 survivors (10240K)
 Metaspace       used 29703K, capacity 30768K, committed 30848K, reserved 1077248K
  class space    used 3189K, capacity 3420K, committed 3456K, reserved 1048576K
}

Deoptimization events (10 events):
Event: 10.991 Thread 0x000002806a6f5000 Uncommon trap: reason=bimorphic_or_optimized_type_check action=maybe_recompile pc=0x0000028059e7a3d0 method=java.lang.ThreadLocal.get()Ljava/lang/Object; @ 6 c2
Event: 11.025 Thread 0x000002806a6f5000 Uncommon trap: reason=bimorphic_or_optimized_type_check action=maybe_recompile pc=0x0000028059e7a3d0 method=java.lang.ThreadLocal.get()Ljava/lang/Object; @ 6 c2
Event: 11.028 Thread 0x000002806a6f5000 Uncommon trap: reason=bimorphic_or_optimized_type_check action=maybe_recompile pc=0x0000028059e7a3d0 method=java.lang.ThreadLocal.get()Ljava/lang/Object; @ 6 c2
Event: 11.028 Thread 0x000002806a6f5000 Uncommon trap: reason=bimorphic_or_optimized_type_check action=maybe_recompile pc=0x0000028059e7a3d0 method=java.lang.ThreadLocal.get()Ljava/lang/Object; @ 6 c2
Event: 11.092 Thread 0x000002806a6f5000 Uncommon trap: reason=unstable_if action=reinterpret pc=0x0000028059e19f2c method=java.lang.StringUTF16.compress([CII)[B @ 13 c2
Event: 11.092 Thread 0x000002806a6f5000 Uncommon trap: reason=unstable_if action=reinterpret pc=0x0000028059d44e60 method=java.lang.String.hashCode()I @ 22 c2
Event: 11.186 Thread 0x000002806a6f5000 Uncommon trap: reason=unstable_if action=reinterpret pc=0x0000028059d9a6a0 method=java.io.DataInputStream.readUTF(Ljava/io/DataInput;)Ljava/lang/String; @ 112 c2
Event: 11.596 Thread 0x000002806a6f5000 Uncommon trap: reason=unstable_if action=reinterpret pc=0x0000028059e0a18c method=java.util.HashMap.removeNode(ILjava/lang/Object;Ljava/lang/Object;ZZ)Ljava/util/HashMap$Node; @ 71 c2
Event: 11.665 Thread 0x000002806a6f5000 Uncommon trap: reason=unstable_if action=reinterpret pc=0x0000028059d591c0 method=java.lang.String.equals(Ljava/lang/Object;)Z @ 34 c2
Event: 11.887 Thread 0x000002806a6f5000 Uncommon trap: reason=unstable_if action=reinterpret pc=0x0000028059f46fd0 method=org.codehaus.plexus.classworlds.realm.Entry.matches(Ljava/lang/String;)Z @ 209 c2

Classes redefined (0 events):
No events

Internal exceptions (10 events):
Event: 10.758 Thread 0x000002806a6f5000 Implicit null exception at 0x0000028059d7dff4 to 0x0000028059d7e4bd
Event: 10.758 Thread 0x000002806a6f5000 Implicit null exception at 0x0000028059d7ea74 to 0x0000028059d7ef2d
Event: 10.795 Thread 0x000002806a6f5000 Exception <a 'java/security/PrivilegedActionException'{0x0000000088e183d0}> (0x0000000088e183d0) thrown at [t:/workspace/hotspot/src/share/vm/prims/jvm.cpp, line 1310]
Event: 10.795 Thread 0x000002806a6f5000 Exception <a 'java/security/PrivilegedActionException'{0x0000000088e187c8}> (0x0000000088e187c8) thrown at [t:/workspace/hotspot/src/share/vm/prims/jvm.cpp, line 1310]
Event: 10.795 Thread 0x000002806a6f5000 Exception <a 'java/security/PrivilegedActionException'{0x0000000088e19620}> (0x0000000088e19620) thrown at [t:/workspace/hotspot/src/share/vm/prims/jvm.cpp, line 1310]
Event: 10.795 Thread 0x000002806a6f5000 Exception <a 'java/security/PrivilegedActionException'{0x0000000088e19a18}> (0x0000000088e19a18) thrown at [t:/workspace/hotspot/src/share/vm/prims/jvm.cpp, line 1310]
Event: 10.795 Thread 0x000002806a6f5000 Exception <a 'java/security/PrivilegedActionException'{0x0000000088e1a890}> (0x0000000088e1a890) thrown at [t:/workspace/hotspot/src/share/vm/prims/jvm.cpp, line 1310]
Event: 10.795 Thread 0x000002806a6f5000 Exception <a 'java/security/PrivilegedActionException'{0x0000000088e1ac88}> (0x0000000088e1ac88) thrown at [t:/workspace/hotspot/src/share/vm/prims/jvm.cpp, line 1310]
Event: 10.796 Thread 0x000002806a6f5000 Exception <a 'java/security/PrivilegedActionException'{0x0000000088e1bae0}> (0x0000000088e1bae0) thrown at [t:/workspace/hotspot/src/share/vm/prims/jvm.cpp, line 1310]
Event: 10.796 Thread 0x000002806a6f5000 Exception <a 'java/security/PrivilegedActionException'{0x0000000088e1bed8}> (0x0000000088e1bed8) thrown at [t:/workspace/hotspot/src/share/vm/prims/jvm.cpp, line 1310]

Events (10 events):
Event: 11.852 Thread 0x000002806a6f5000 DEOPT PACKING pc=0x000002805289f9c1 sp=0x000000be767fd900
Event: 11.852 Thread 0x000002806a6f5000 DEOPT UNPACKING pc=0x00000280522cdd3f sp=0x000000be767fce40 mode 0
Event: 11.885 Thread 0x000002806a6f5000 DEOPT PACKING pc=0x000002805289f9c1 sp=0x000000be767fdab0
Event: 11.885 Thread 0x000002806a6f5000 DEOPT UNPACKING pc=0x00000280522cdd3f sp=0x000000be767fcff0 mode 0
Event: 11.887 Thread 0x000002806a6f5000 Uncommon trap: trap_request=0xffffff5d fr.pc=0x0000028059f46fd0 relative=0x0000000000000990
Event: 11.887 Thread 0x000002806a6f5000 DEOPT PACKING pc=0x0000028059f46fd0 sp=0x000000be767fdf80
Event: 11.887 Thread 0x000002806a6f5000 DEOPT UNPACKING pc=0x00000280522cdf29 sp=0x000000be767fdf68 mode 2
Event: 11.921 Thread 0x000002806a6f5000 DEOPT PACKING pc=0x000002805289f9c1 sp=0x000000be767fdf00
Event: 11.921 Thread 0x000002806a6f5000 DEOPT UNPACKING pc=0x00000280522cdd3f sp=0x000000be767fd440 mode 0
Event: 11.945 Executing VM operation: G1IncCollectionPause


Dynamic libraries:
0x00007ff6d1870000 - 0x00007ff6d18ae000 	C:\Program Files\Java\jdk-9.0.1\bin\java.exe
0x00007ffdd2160000 - 0x00007ffdd233b000 	C:\WINDOWS\SYSTEM32\ntdll.dll
0x00007ffdbc890000 - 0x00007ffdbc8c4000 	C:\Program Files\AVAST Software\Avast\x64\aswhooka.dll
0x00007ffdcf870000 - 0x00007ffdcf91e000 	C:\WINDOWS\System32\KERNEL32.DLL
0x00007ffdcf470000 - 0x00007ffdcf6b9000 	C:\WINDOWS\System32\KERNELBASE.dll
0x00007ffdd1e30000 - 0x00007ffdd1ed1000 	C:\WINDOWS\System32\ADVAPI32.dll
0x00007ffdcfd90000 - 0x00007ffdcfe2d000 	C:\WINDOWS\System32\msvcrt.dll
0x00007ffdcfab0000 - 0x00007ffdcfb09000 	C:\WINDOWS\System32\sechost.dll
0x00007ffdd1a00000 - 0x00007ffdd1b25000 	C:\WINDOWS\System32\RPCRT4.dll
0x00007ffdd1f50000 - 0x00007ffdd209a000 	C:\WINDOWS\System32\USER32.dll
0x00007ffdcf450000 - 0x00007ffdcf46e000 	C:\WINDOWS\System32\win32u.dll
0x00007ffdcfb10000 - 0x00007ffdcfb37000 	C:\WINDOWS\System32\GDI32.dll
0x00007ffdce780000 - 0x00007ffdce907000 	C:\WINDOWS\System32\gdi32full.dll
0x00007ffdcf300000 - 0x00007ffdcf39a000 	C:\WINDOWS\System32\msvcp_win.dll
0x00007ffdce680000 - 0x00007ffdce776000 	C:\WINDOWS\System32\ucrtbase.dll
0x00007ffdc53f0000 - 0x00007ffdc5657000 	C:\WINDOWS\WinSxS\amd64_microsoft.windows.common-controls_6595b64144ccf1df_6.0.15063.483_none_26002d27e7c744a2\COMCTL32.dll
0x00007ffdd1b30000 - 0x00007ffdd1e29000 	C:\WINDOWS\System32\combase.dll
0x00007ffdcf290000 - 0x00007ffdcf2fa000 	C:\WINDOWS\System32\bcryptPrimitives.dll
0x00007ffdc5bd0000 - 0x00007ffdc5bda000 	C:\WINDOWS\SYSTEM32\VERSION.dll
0x00007ffdd19d0000 - 0x00007ffdd19fd000 	C:\WINDOWS\System32\IMM32.DLL
0x00007ffdb2d60000 - 0x00007ffdb2e4f000 	C:\Program Files\Java\jdk-9.0.1\bin\msvcr120.dll
0x00007ffdb69b0000 - 0x00007ffdb6a56000 	C:\Program Files\Java\jdk-9.0.1\bin\msvcp120.dll
0x0000000055660000 - 0x0000000056084000 	C:\Program Files\Java\jdk-9.0.1\bin\server\jvm.dll
0x00007ffdd19c0000 - 0x00007ffdd19c8000 	C:\WINDOWS\System32\PSAPI.DLL
0x00007ffdc9980000 - 0x00007ffdc9989000 	C:\WINDOWS\SYSTEM32\WSOCK32.dll
0x00007ffdcfbc0000 - 0x00007ffdcfc2c000 	C:\WINDOWS\System32\WS2_32.dll
0x00007ffdc62d0000 - 0x00007ffdc62f3000 	C:\WINDOWS\SYSTEM32\WINMM.dll
0x00007ffdc62a0000 - 0x00007ffdc62cb000 	C:\WINDOWS\SYSTEM32\WINMMBASE.dll
0x00007ffdcf400000 - 0x00007ffdcf449000 	C:\WINDOWS\System32\cfgmgr32.dll
0x00007ffdca3b0000 - 0x00007ffdca3bf000 	C:\Program Files\Java\jdk-9.0.1\bin\verify.dll
0x00007ffdbe420000 - 0x00007ffdbe447000 	C:\Program Files\Java\jdk-9.0.1\bin\java.dll
0x00007ffdbe400000 - 0x00007ffdbe416000 	C:\Program Files\Java\jdk-9.0.1\bin\zip.dll
0x00007ffdc6fd0000 - 0x00007ffdc6fda000 	C:\Program Files\Java\jdk-9.0.1\bin\jimage.dll
0x00007ffdd0520000 - 0x00007ffdd1957000 	C:\WINDOWS\System32\SHELL32.dll
0x00007ffdcfe90000 - 0x00007ffdcff3a000 	C:\WINDOWS\System32\shcore.dll
0x00007ffdceb90000 - 0x00007ffdcf281000 	C:\WINDOWS\System32\windows.storage.dll
0x00007ffdd1ef0000 - 0x00007ffdd1f41000 	C:\WINDOWS\System32\shlwapi.dll
0x00007ffdce660000 - 0x00007ffdce671000 	C:\WINDOWS\System32\kernel.appcore.dll
0x00007ffdce5f0000 - 0x00007ffdce63c000 	C:\WINDOWS\System32\powrprof.dll
0x00007ffdce5d0000 - 0x00007ffdce5e5000 	C:\WINDOWS\System32\profapi.dll
0x00007ffdb7660000 - 0x00007ffdb767a000 	C:\Program Files\Java\jdk-9.0.1\bin\net.dll
0x00007ffdc8cd0000 - 0x00007ffdc8da6000 	C:\WINDOWS\SYSTEM32\WINHTTP.dll
0x00007ffdcdee0000 - 0x00007ffdcdf3c000 	C:\WINDOWS\system32\mswsock.dll
0x00007ffdb7640000 - 0x00007ffdb7651000 	C:\Program Files\Java\jdk-9.0.1\bin\nio.dll
0x00007ffdce080000 - 0x00007ffdce097000 	C:\WINDOWS\SYSTEM32\CRYPTSP.dll
0x00007ffdcdaa0000 - 0x00007ffdcdad4000 	C:\WINDOWS\system32\rsaenh.dll
0x00007ffdce190000 - 0x00007ffdce1b5000 	C:\WINDOWS\SYSTEM32\bcrypt.dll
0x00007ffdce500000 - 0x00007ffdce529000 	C:\WINDOWS\SYSTEM32\USERENV.dll
0x00007ffdce0a0000 - 0x00007ffdce0ab000 	C:\WINDOWS\SYSTEM32\CRYPTBASE.dll
0x00007ffdcdc20000 - 0x00007ffdcdc57000 	C:\WINDOWS\SYSTEM32\IPHLPAPI.DLL
0x00007ffdd1ee0000 - 0x00007ffdd1ee8000 	C:\WINDOWS\System32\NSI.dll
0x00007ffdc9400000 - 0x00007ffdc9416000 	C:\WINDOWS\SYSTEM32\dhcpcsvc6.DLL
0x00007ffdc9330000 - 0x00007ffdc934a000 	C:\WINDOWS\SYSTEM32\dhcpcsvc.DLL
0x00007ffdc1770000 - 0x00007ffdc1779000 	C:\Program Files\Java\jdk-9.0.1\bin\management.dll
0x00007ffdc05d0000 - 0x00007ffdc05da000 	C:\Program Files\Java\jdk-9.0.1\bin\management_ext.dll
0x00007ffdc9a20000 - 0x00007ffdc9bc9000 	C:\WINDOWS\SYSTEM32\dbghelp.dll

VM Arguments:
jvm_args: -Dmaven.multiModuleProjectDirectory=C:\Users\Antoine\Desktop\testjpa -Dmaven.home=C:\Program Files\JetBrains\IntelliJ IDEA Community Edition 2017.3.1\plugins\maven\lib\maven3 -Dclassworlds.conf=C:\Program Files\JetBrains\IntelliJ IDEA Community Edition 2017.3.1\plugins\maven\lib\maven3\bin\m2.conf -Dfile.encoding=UTF-8 
java_command: org.codehaus.classworlds.Launcher -Didea.version=2017.3.1 tomcat7:run
java_class_path (initial): C:\Program Files\JetBrains\IntelliJ IDEA Community Edition 2017.3.1\plugins\maven\lib\maven3\boot\plexus-classworlds-2.5.2.jar
Launcher Type: SUN_STANDARD

Logging:
Log output configuration:
#0: stdout all=warning uptime,level,tags
#1: stderr all=off uptime,level,tags

Environment Variables:
PATH=C:\ProgramData\Oracle\Java\javapath;c:\Program Files (x86)\Intel\iCLS Client\;c:\Program Files\Intel\iCLS Client\;C:\WINDOWS\system32;C:\WINDOWS;C:\WINDOWS\System32\Wbem;C:\WINDOWS\System32\WindowsPowerShell\v1.0\;C:\Program Files\Intel\Intel(R) Management Engine Components\DAL;C:\Program Files\Intel\Intel(R) Management Engine Components\IPT;C:\Program Files (x86)\Intel\Intel(R) Management Engine Components\DAL;C:\Program Files (x86)\Intel\Intel(R) Management Engine Components\IPT;C:\Program Files\Intel\WiFi\bin\;C:\Program Files\Common Files\Intel\WirelessCommon\;c:\Program Files (x86)\ATI Technologies\ATI.ACE\Core-Static;C:\Program Files\Git\cmd;C:\Program Files\nodejs\;C:\Users\Antoine\AppData\Local\Microsoft\WindowsApps;C:\Users\Antoine\AppData\Roaming\npm;C:\Program Files\Microsoft VS Code\bin
USERNAME=Antoine
OS=Windows_NT
PROCESSOR_IDENTIFIER=Intel64 Family 6 Model 69 Stepping 1, GenuineIntel



---------------  S Y S T E M  ---------------

OS: Windows 10 , 64 bit Build 15063 (10.0.15063.296)

CPU:total 4 (initial active 4) (2 cores per cpu, 2 threads per core) family 6 model 69 stepping 1, cmov, cx8, fxsr, mmx, sse, sse2, sse3, ssse3, sse4.1, sse4.2, popcnt, avx, avx2, aes, clmul, erms, lzcnt, ht, tsc, tscinvbit, bmi1, bmi2, fma

Memory: 4k page, physical 8266712k(1409052k free), swap 10232792k(21288k free)

vm_info: Java HotSpot(TM) 64-Bit Server VM (9.0.1+11) for windows-amd64 JRE (9.0.1+11), built on Sep 28 2017 04:54:03 by "mach5one" with MS VC++ 12.0 (VS2013)

END.
